<?xml version="1.0" encoding="UTF-8"?>
<testng-results ignored="0" total="1" passed="1" failed="0" skipped="0">
  <reporter-output>
  </reporter-output>
  <suite started-at="2022-08-30T17:32:00 IST" name="Default suite" finished-at="2022-08-30T17:32:02 IST" duration-ms="2167">
    <groups>
    </groups>
    <test started-at="2022-08-30T17:32:00 IST" name="Default test" finished-at="2022-08-30T17:32:02 IST" duration-ms="2167">
      <class name="Zybisys.PrintingIPAddress">
        <test-method signature="excel()[pri:0, instance:Zybisys.PrintingIPAddress@24fcf36f]" started-at="2022-08-30T17:32:00 IST" name="excel" finished-at="2022-08-30T17:32:02 IST" duration-ms="2086" status="PASS">
          <reporter-output>
          </reporter-output>
        </test-method> <!-- excel -->
      </class> <!-- Zybisys.PrintingIPAddress -->
    </test> <!-- Default test -->
  </suite> <!-- Default suite -->
</testng-results>
